2026-01-27 01:25:37,287 - INFO - 향상된 일일 주식 랭킹 생성 시작...
2026-01-27 01:25:37,287 - INFO - 수집된 국내 뉴스: 7개
2026-01-27 01:25:37,287 - INFO - 수집된 글로벌 뉴스: 8개
2026-01-27 01:25:37,287 - INFO - 총 뉴스 데이터: 15개
2026-01-27 01:25:37,287 - INFO - 언급된 주식: 17개
2026-01-27 01:25:40,391 - ERROR - Failed to get ticker '^GSPC' reason: Expecting value: line 1 column 1 (char 0)
2026-01-27 01:25:42,343 - ERROR - $^GSPC: possibly delisted; no price data found  (period=1d)
2026-01-27 01:25:42,347 - ERROR - 글로벌 시장 데이터 수집 오류: single positional indexer is out-of-bounds
2026-01-27 01:25:42,356 - INFO - 향상된 결과 저장 완료: enhanced_stock_ranking_2026-01-27.json, enhanced_stock_ranking_2026-01-27.csv
2026-01-27 01:25:42,357 - INFO - 향상된 일일 주식 랭킹 생성 완료!
2026-01-27 01:28:34,601 - INFO - 향상된 일일 주식 랭킹 생성 시작...
2026-01-27 01:28:34,601 - INFO - 수집된 국내 뉴스: 7개
2026-01-27 01:28:34,601 - INFO - 수집된 글로벌 뉴스: 8개
2026-01-27 01:28:34,602 - INFO - 총 뉴스 데이터: 15개
2026-01-27 01:28:34,602 - INFO - 언급된 주식: 18개
2026-01-27 01:28:37,279 - ERROR - Failed to get ticker '^GSPC' reason: Expecting value: line 1 column 1 (char 0)
2026-01-27 01:28:39,139 - ERROR - $^GSPC: possibly delisted; no price data found  (period=1d)
2026-01-27 01:28:39,143 - ERROR - 글로벌 시장 데이터 수집 오류: single positional indexer is out-of-bounds
2026-01-27 01:28:39,151 - INFO - 향상된 결과 저장 완료: enhanced_stock_ranking_2026-01-27.json, enhanced_stock_ranking_2026-01-27.csv
2026-01-27 01:28:39,151 - INFO - 향상된 일일 주식 랭킹 생성 완료!
2026-01-27 01:29:10,207 - INFO - 향상된 일일 주식 랭킹 생성 시작...
2026-01-27 01:29:10,207 - INFO - 수집된 국내 뉴스: 8개
2026-01-27 01:29:10,207 - INFO - 수집된 글로벌 뉴스: 8개
2026-01-27 01:29:10,207 - INFO - 총 뉴스 데이터: 16개
2026-01-27 01:29:10,207 - INFO - 언급된 주식: 20개
2026-01-27 01:29:12,705 - ERROR - Failed to get ticker '^GSPC' reason: Expecting value: line 1 column 1 (char 0)
2026-01-27 01:29:14,573 - ERROR - $^GSPC: possibly delisted; no price data found  (period=1d)
2026-01-27 01:29:14,577 - ERROR - 글로벌 시장 데이터 수집 오류: single positional indexer is out-of-bounds
2026-01-27 01:29:14,585 - INFO - 향상된 결과 저장 완료: enhanced_stock_ranking_2026-01-27.json, enhanced_stock_ranking_2026-01-27.csv
2026-01-27 01:29:14,585 - INFO - 향상된 일일 주식 랭킹 생성 완료!
2026-01-27 07:09:55,561 - INFO - 향상된 일일 주식 랭킹 생성 시작...
2026-01-27 07:09:55,562 - INFO - 수집된 국내 뉴스: 7개
2026-01-27 07:09:55,562 - INFO - 수집된 글로벌 뉴스: 8개
2026-01-27 07:09:55,562 - INFO - 총 뉴스 데이터: 15개
2026-01-27 07:09:55,562 - INFO - 언급된 주식: 17개
2026-01-27 07:09:58,050 - ERROR - Failed to get ticker '^GSPC' reason: Expecting value: line 1 column 1 (char 0)
2026-01-27 07:09:59,900 - ERROR - $^GSPC: possibly delisted; no price data found  (period=1d)
2026-01-27 07:10:01,660 - ERROR - $^GSPC: possibly delisted; no price data found  (period=1d)
2026-01-27 07:10:03,596 - ERROR - Failed to get ticker '^IXIC' reason: Expecting value: line 1 column 1 (char 0)
2026-01-27 07:10:05,299 - ERROR - $^IXIC: possibly delisted; no price data found  (period=1d)
2026-01-27 07:10:07,008 - ERROR - $^IXIC: possibly delisted; no price data found  (period=1d)
2026-01-27 07:10:08,922 - ERROR - Failed to get ticker '^DJI' reason: Expecting value: line 1 column 1 (char 0)
2026-01-27 07:10:10,837 - ERROR - $^DJI: possibly delisted; no price data found  (period=1d)
2026-01-27 07:10:12,565 - ERROR - $^DJI: possibly delisted; no price data found  (period=1d)
2026-01-27 07:10:14,480 - ERROR - Failed to get ticker 'SOXX' reason: Expecting value: line 1 column 1 (char 0)
2026-01-27 07:10:16,293 - ERROR - $SOXX: possibly delisted; no price data found  (period=1d)
2026-01-27 07:10:18,235 - ERROR - $SOXX: possibly delisted; no price data found  (period=1d)
2026-01-27 07:10:18,248 - INFO - 향상된 결과 저장 완료: enhanced_stock_ranking_2026-01-27.json, enhanced_stock_ranking_2026-01-27.csv
2026-01-27 07:10:18,249 - INFO - 향상된 일일 주식 랭킹 생성 완료!
2026-01-27 07:11:18,410 - INFO - 향상된 일일 주식 랭킹 생성 시작...
2026-01-27 07:11:18,410 - INFO - 수집된 국내 뉴스: 8개
2026-01-27 07:11:18,410 - INFO - 수집된 글로벌 뉴스: 8개
2026-01-27 07:11:18,410 - INFO - 총 뉴스 데이터: 16개
2026-01-27 07:11:18,411 - INFO - 언급된 주식: 19개
2026-01-27 07:11:20,804 - ERROR - Failed to get ticker '^GSPC' reason: Expecting value: line 1 column 1 (char 0)
2026-01-27 07:11:22,660 - ERROR - $^GSPC: possibly delisted; no price data found  (period=1d)
2026-01-27 07:11:24,618 - ERROR - $^GSPC: possibly delisted; no price data found  (period=1d)
2026-01-27 07:11:26,339 - ERROR - Failed to get ticker '^IXIC' reason: Expecting value: line 1 column 1 (char 0)
2026-01-27 07:11:28,157 - ERROR - $^IXIC: possibly delisted; no price data found  (period=1d)
2026-01-27 07:11:29,899 - ERROR - $^IXIC: possibly delisted; no price data found  (period=1d)
2026-01-27 07:11:31,726 - ERROR - Failed to get ticker '^DJI' reason: Expecting value: line 1 column 1 (char 0)
2026-01-27 07:11:33,668 - ERROR - $^DJI: possibly delisted; no price data found  (period=1d)
2026-01-27 07:11:35,408 - ERROR - $^DJI: possibly delisted; no price data found  (period=1d)
2026-01-27 07:11:37,131 - ERROR - Failed to get ticker 'SOXX' reason: Expecting value: line 1 column 1 (char 0)
2026-01-27 07:11:38,957 - ERROR - $SOXX: possibly delisted; no price data found  (period=1d)
2026-01-27 07:11:40,784 - ERROR - $SOXX: possibly delisted; no price data found  (period=1d)
2026-01-27 07:11:40,795 - INFO - 향상된 결과 저장 완료: enhanced_stock_ranking_2026-01-27.json, enhanced_stock_ranking_2026-01-27.csv
2026-01-27 07:11:40,795 - INFO - 향상된 일일 주식 랭킹 생성 완료!
2026-01-27 07:16:41,995 - INFO - 향상된 일일 주식 랭킹 생성 시작...
2026-01-27 07:16:41,995 - INFO - 수집된 국내 뉴스: 8개
2026-01-27 07:16:41,995 - INFO - 수집된 글로벌 뉴스: 8개
2026-01-27 07:16:41,995 - INFO - 총 뉴스 데이터: 16개
2026-01-27 07:16:41,995 - INFO - 언급된 주식: 18개
2026-01-27 07:16:44,489 - ERROR - Failed to get ticker '^GSPC' reason: Expecting value: line 1 column 1 (char 0)
2026-01-27 07:16:46,422 - ERROR - $^GSPC: possibly delisted; no price data found  (period=1d)
2026-01-27 07:16:48,339 - ERROR - $^GSPC: possibly delisted; no price data found  (period=1d)
2026-01-27 07:16:50,167 - ERROR - Failed to get ticker '^IXIC' reason: Expecting value: line 1 column 1 (char 0)
2026-01-27 07:16:51,991 - ERROR - $^IXIC: possibly delisted; no price data found  (period=1d)
2026-01-27 07:16:53,708 - ERROR - $^IXIC: possibly delisted; no price data found  (period=1d)
2026-01-27 07:16:55,647 - ERROR - Failed to get ticker '^DJI' reason: Expecting value: line 1 column 1 (char 0)
2026-01-27 07:16:57,568 - ERROR - $^DJI: possibly delisted; no price data found  (period=1d)
2026-01-27 07:16:59,493 - ERROR - $^DJI: possibly delisted; no price data found  (period=1d)
2026-01-27 07:17:01,530 - ERROR - Failed to get ticker 'SOXX' reason: Expecting value: line 1 column 1 (char 0)
2026-01-27 07:17:03,439 - ERROR - $SOXX: possibly delisted; no price data found  (period=1d)
2026-01-27 07:17:05,285 - ERROR - $SOXX: possibly delisted; no price data found  (period=1d)
2026-01-27 07:17:05,295 - INFO - 향상된 결과 저장 완료: enhanced_stock_ranking_2026-01-27.json, enhanced_stock_ranking_2026-01-27.csv
2026-01-27 07:17:05,295 - INFO - 향상된 일일 주식 랭킹 생성 완료!
2026-01-27 07:17:35,094 - INFO - 향상된 일일 주식 랭킹 생성 시작...
2026-01-27 07:17:35,094 - INFO - 수집된 국내 뉴스: 7개
2026-01-27 07:17:35,094 - INFO - 수집된 글로벌 뉴스: 8개
2026-01-27 07:17:35,094 - INFO - 총 뉴스 데이터: 15개
2026-01-27 07:17:35,094 - INFO - 언급된 주식: 18개
2026-01-27 07:17:37,563 - ERROR - Failed to get ticker '^GSPC' reason: Expecting value: line 1 column 1 (char 0)
2026-01-27 07:17:39,266 - ERROR - $^GSPC: possibly delisted; no price data found  (period=1d)
2026-01-27 07:17:40,979 - ERROR - $^GSPC: possibly delisted; no price data found  (period=1d)
2026-01-27 07:17:42,906 - ERROR - Failed to get ticker '^IXIC' reason: Expecting value: line 1 column 1 (char 0)
2026-01-27 07:17:44,614 - ERROR - $^IXIC: possibly delisted; no price data found  (period=1d)
2026-01-27 07:17:46,419 - ERROR - $^IXIC: possibly delisted; no price data found  (period=1d)
2026-01-27 07:17:48,230 - ERROR - Failed to get ticker '^DJI' reason: Expecting value: line 1 column 1 (char 0)
2026-01-27 07:17:49,961 - ERROR - $^DJI: possibly delisted; no price data found  (period=1d)
2026-01-27 07:17:51,888 - ERROR - $^DJI: possibly delisted; no price data found  (period=1d)
2026-01-27 07:17:53,702 - ERROR - Failed to get ticker 'SOXX' reason: Expecting value: line 1 column 1 (char 0)
2026-01-27 07:17:55,616 - ERROR - $SOXX: possibly delisted; no price data found  (period=1d)
2026-01-27 07:17:57,309 - ERROR - $SOXX: possibly delisted; no price data found  (period=1d)
2026-01-27 07:17:57,317 - INFO - 향상된 결과 저장 완료: enhanced_stock_ranking_2026-01-27.json, enhanced_stock_ranking_2026-01-27.csv
2026-01-27 07:17:57,317 - INFO - 향상된 일일 주식 랭킹 생성 완료!
2026-01-27 07:20:59,770 - INFO - 향상된 일일 주식 랭킹 생성 시작...
2026-01-27 07:20:59,770 - INFO - 수집된 국내 뉴스: 8개
2026-01-27 07:20:59,770 - INFO - 수집된 글로벌 뉴스: 8개
2026-01-27 07:20:59,770 - INFO - 총 뉴스 데이터: 16개
2026-01-27 07:20:59,771 - INFO - 언급된 주식: 18개
2026-01-27 07:21:02,402 - ERROR - Failed to get ticker '^GSPC' reason: Expecting value: line 1 column 1 (char 0)
2026-01-27 07:21:04,330 - ERROR - $^GSPC: possibly delisted; no price data found  (period=1d)
2026-01-27 07:21:06,052 - ERROR - $^GSPC: possibly delisted; no price data found  (period=1d)
2026-01-27 07:21:07,797 - ERROR - Failed to get ticker '^IXIC' reason: Expecting value: line 1 column 1 (char 0)
2026-01-27 07:21:09,715 - ERROR - $^IXIC: possibly delisted; no price data found  (period=1d)
2026-01-27 07:21:11,451 - ERROR - $^IXIC: possibly delisted; no price data found  (period=1d)
2026-01-27 07:21:13,282 - ERROR - Failed to get ticker '^DJI' reason: Expecting value: line 1 column 1 (char 0)
2026-01-27 07:21:15,311 - ERROR - $^DJI: possibly delisted; no price data found  (period=1d)
2026-01-27 07:21:17,041 - ERROR - $^DJI: possibly delisted; no price data found  (period=1d)
2026-01-27 07:21:18,905 - ERROR - Failed to get ticker 'SOXX' reason: Expecting value: line 1 column 1 (char 0)
2026-01-27 07:21:20,749 - ERROR - $SOXX: possibly delisted; no price data found  (period=1d)
2026-01-27 07:21:22,579 - ERROR - $SOXX: possibly delisted; no price data found  (period=1d)
2026-01-27 07:21:22,590 - INFO - 향상된 결과 저장 완료: enhanced_stock_ranking_2026-01-27.json, enhanced_stock_ranking_2026-01-27.csv
2026-01-27 07:21:22,590 - INFO - 향상된 일일 주식 랭킹 생성 완료!
2026-01-27 07:31:50,651 - INFO - 향상된 일일 주식 랭킹 생성 시작...
2026-01-27 07:31:50,651 - INFO - 수집된 국내 뉴스: 8개
2026-01-27 07:31:50,651 - INFO - 수집된 글로벌 뉴스: 8개
2026-01-27 07:31:50,651 - INFO - 총 뉴스 데이터: 16개
2026-01-27 07:31:50,651 - INFO - 언급된 주식: 20개
2026-01-27 07:31:52,389 - ERROR - Failed to get ticker '^GSPC' reason: Expecting value: line 1 column 1 (char 0)
2026-01-27 07:31:53,531 - ERROR - $^GSPC: possibly delisted; no price data found  (period=1d)
2026-01-27 07:31:54,689 - ERROR - $^GSPC: possibly delisted; no price data found  (period=1d)
2026-01-27 07:31:55,840 - ERROR - Failed to get ticker '^IXIC' reason: Expecting value: line 1 column 1 (char 0)
2026-01-27 07:31:57,028 - ERROR - $^IXIC: possibly delisted; no price data found  (period=1d)
2026-01-27 07:31:58,214 - ERROR - $^IXIC: possibly delisted; no price data found  (period=1d)
2026-01-27 07:31:59,387 - ERROR - Failed to get ticker '^DJI' reason: Expecting value: line 1 column 1 (char 0)
2026-01-27 07:32:00,564 - ERROR - $^DJI: possibly delisted; no price data found  (period=1d)
2026-01-27 07:32:01,706 - ERROR - $^DJI: possibly delisted; no price data found  (period=1d)
2026-01-27 07:32:02,885 - ERROR - Failed to get ticker 'SOXX' reason: Expecting value: line 1 column 1 (char 0)
2026-01-27 07:32:04,063 - ERROR - $SOXX: possibly delisted; no price data found  (period=1d)
2026-01-27 07:32:05,262 - ERROR - $SOXX: possibly delisted; no price data found  (period=1d)
2026-01-27 07:32:05,274 - INFO - 향상된 결과 저장 완료: enhanced_stock_ranking_2026-01-27.json, enhanced_stock_ranking_2026-01-27.csv
2026-01-27 07:32:05,274 - INFO - 향상된 일일 주식 랭킹 생성 완료!
