2026-01-26 23:55:36,554 - INFO - 일일 주식 랭킹 생성 시작...
2026-01-26 23:55:36,554 - INFO - 수집된 뉴스: 5개
2026-01-26 23:55:36,554 - INFO - 언급된 주식: 6개
2026-01-26 23:55:36,557 - INFO - 결과 저장 완료: stock_ranking_2026-01-26.json, stock_ranking_2026-01-26.csv
2026-01-26 23:55:36,557 - INFO - 일일 주식 랭킹 생성 완료!
2026-01-26 23:55:36,558 - INFO - 결과 저장 완료: stock_ranking_2026-01-26.json, stock_ranking_2026-01-26.csv
2026-01-26 23:56:31,643 - INFO - 일일 주식 랭킹 생성 시작...
2026-01-26 23:56:32,234 - INFO - 수집된 뉴스: 0개
2026-01-26 23:56:32,234 - INFO - 언급된 주식: 0개
2026-01-26 23:56:32,237 - INFO - 결과 저장 완료: stock_ranking_2026-01-26.json, stock_ranking_2026-01-26.csv
2026-01-26 23:56:32,237 - INFO - 일일 주식 랭킹 생성 완료!
2026-01-27 00:00:31,557 - INFO - 일일 주식 랭킹 생성 시작...
2026-01-27 00:00:31,557 - INFO - 수집된 뉴스: 9개
2026-01-27 00:00:31,557 - INFO - 언급된 주식: 10개
2026-01-27 00:00:31,559 - INFO - 결과 저장 완료: stock_ranking_2026-01-27.json, stock_ranking_2026-01-27.csv
2026-01-27 00:00:31,559 - INFO - 일일 주식 랭킹 생성 완료!
2026-01-27 00:02:02,675 - INFO - 일일 주식 랭킹 생성 시작...
2026-01-27 00:02:02,675 - INFO - 수집된 뉴스: 6개
2026-01-27 00:02:02,675 - INFO - 언급된 주식: 7개
2026-01-27 00:02:02,677 - INFO - 결과 저장 완료: stock_ranking_2026-01-27.json, stock_ranking_2026-01-27.csv
2026-01-27 00:02:02,677 - INFO - 일일 주식 랭킹 생성 완료!
